<?xml version="1.0" encoding="UTF-8"?>
<!-- Generated by org.testng.reporters.JUnitReportReporter -->
<testsuite hostname="LAPTOP-0RVVG9KR" failures="0" tests="3" name="com.demo.qa.testcases.LoginPageTest" time="42.355" errors="0" timestamp="2022-07-01T21:49:49 IST" skipped="0">
  <testcase classname="com.demo.qa.testcases.LoginPageTest" name="loginPageTitleTest" time="10.999"/>
  <system-out/>
  <testcase classname="com.demo.qa.testcases.LoginPageTest" name="crmLogoImageTest" time="11.795"/>
  <system-out/>
  <testcase classname="com.demo.qa.testcases.LoginPageTest" name="loginTest" time="19.561"/>
  <system-out/>
</testsuite> <!-- com.demo.qa.testcases.LoginPageTest -->
