<?xml version="1.0" encoding="UTF-8"?>
<!-- Generated by org.testng.reporters.JUnitReportReporter -->
<testsuite hostname="LAPTOP-0RVVG9KR" failures="0" tests="3" name="com.demo.qa.testcases.HomePageTest" time="35.386" errors="0" timestamp="2022-07-02T15:09:00 IST" skipped="0">
  <testcase classname="com.demo.qa.testcases.HomePageTest" name="verifyHomePageTitleTest" time="9.962"/>
  <system-out/>
  <testcase classname="com.demo.qa.testcases.HomePageTest" name="verifyUserNameTest" time="13.162"/>
  <system-out/>
  <testcase classname="com.demo.qa.testcases.HomePageTest" name="verifyContactsLinkTest" time="12.262"/>
  <system-out/>
</testsuite> <!-- com.demo.qa.testcases.HomePageTest -->
